<?xml version="1.0" encoding="UTF-8"?>
<testsuites name="jest tests" tests="18" failures="0" errors="0" time="13.551">
  <testsuite name="test\contract-tests.e2e-spec.ts" errors="0" failures="0" skipped="0" timestamp="2025-10-19T14:42:48" time="13.014" tests="18">
    <testcase classname="API Contract Tests (BTW-AUD-001) › Health Endpoints" name="GET /health should match OpenAPI spec" time="0.572">
    </testcase>
    <testcase classname="API Contract Tests (BTW-AUD-001) › Health Endpoints" name="GET /health/ready should return readiness status" time="0.017">
    </testcase>
    <testcase classname="API Contract Tests (BTW-AUD-001) › Auth Endpoints" name="POST /auth/register should validate request schema" time="0.023">
    </testcase>
    <testcase classname="API Contract Tests (BTW-AUD-001) › Auth Endpoints" name="POST /auth/login should return JWT token on success" time="0.008">
    </testcase>
    <testcase classname="API Contract Tests (BTW-AUD-001) › Auth Endpoints" name="POST /auth/refresh should validate token format" time="0.006">
    </testcase>
    <testcase classname="API Contract Tests (BTW-AUD-001) › Response Format Compliance" name="All error responses should follow standard format" time="0.009">
    </testcase>
    <testcase classname="API Contract Tests (BTW-AUD-001) › Response Format Compliance" name="All responses should include appropriate headers" time="0.397">
    </testcase>
    <testcase classname="API Contract Tests (BTW-AUD-001) › Pagination Contract" name="/admin/users should support pagination params" time="0.006">
    </testcase>
    <testcase classname="API Contract Tests (BTW-AUD-001) › Pagination Contract" name="/admin/orders should support pagination params" time="0.01">
    </testcase>
    <testcase classname="API Contract Tests (BTW-AUD-001) › Pagination Contract" name="/admin/drivers should support pagination params" time="0.006">
    </testcase>
    <testcase classname="API Contract Tests (BTW-AUD-001) › Pagination Contract" name="/admin/vendors should support pagination params" time="0.007">
    </testcase>
    <testcase classname="API Contract Tests (BTW-AUD-001) › Idempotency Headers" name="Payment endpoints should support idempotency keys" time="0.005">
    </testcase>
    <testcase classname="API Contract Tests (BTW-AUD-001) › Rate Limiting Headers" name="Responses should include rate limit headers" time="0.414">
    </testcase>
    <testcase classname="API Contract Tests (BTW-AUD-001) › OpenAPI Spec Compliance" name="OpenAPI spec should be valid" time="0.001">
    </testcase>
    <testcase classname="API Contract Tests (BTW-AUD-001) › OpenAPI Spec Compliance" name="All paths should have at least one operation" time="0.04">
    </testcase>
    <testcase classname="API Contract Tests (BTW-AUD-001) › OpenAPI Spec Compliance" name="All operations should have operationId" time="0.08">
    </testcase>
    <testcase classname="API Contract Tests (BTW-AUD-001) › CORS Headers" name="OPTIONS requests should return CORS headers" time="0.012">
    </testcase>
    <testcase classname="API Contract Tests (BTW-AUD-001) › Content Negotiation" name="Should accept application/json content type" time="0.009">
    </testcase>
  </testsuite>
</testsuites>